<?xml version="1.0" encoding="UTF-8"?>
<!-- Generated by org.testng.reporters.JUnitXMLReporter -->
<testsuite ignored="0" hostname="Pramods-MacBook-Pro.local" failures="3" tests="4" name="UI Automation Test" time="7.734" errors="0" timestamp="2026-02-12T13:03:49 IST">
  <testcase classname="com.ui.tests.LoginTest" name="loginCSVTest" time="0.82"/>
  <testcase classname="com.ui.tests.LoginTest" name="loginCSVTest" time="0.535">
    <failure type="org.openqa.selenium.NoSuchElementException" message="no such element: Unable to locate element: {&amp;quot;method&amp;quot;:&amp;quot;xpath&amp;quot;,&amp;quot;selector&amp;quot;:&amp;quot;//a[@title=&amp;quot;View my customer account&amp;quot;]/span&amp;quot;}
  (Session info: chrome=144.0.7559.133)
For documentation on this error, please visit: https://www.selenium.dev/documentation/webdriver/troubleshooting/errors#nosuchelementexception
Build info: version: &amp;apos;4.40.0&amp;apos;, revision: &amp;apos;b3333f1&amp;apos;
System info: os.name: &amp;apos;Mac OS X&amp;apos;, os.arch: &amp;apos;aarch64&amp;apos;, os.version: &amp;apos;26.1&amp;apos;, java.version: &amp;apos;21.0.9&amp;apos;
Driver info: org.openqa.selenium.chrome.ChromeDriver
Command: [8b65d0778cf03dde90f560f724e10477, findElement {using=xpath, value=//a[@title=&amp;quot;View my customer account&amp;quot;]/span}]
Capabilities {acceptInsecureCerts: false, browserName: chrome, browserVersion: 144.0.7559.133, chrome: {chromedriverVersion: 144.0.7559.133 (7da823b1d59..., userDataDir: /var/folders/sd/lxgz92_921n...}, fedcm:accounts: true, goog:chromeOptions: {debuggerAddress: localhost:64833}, goog:processID: 41135, networkConnectionEnabled: false, pageLoadStrategy: normal, platformName: mac, proxy: Proxy(), se:cdp: ws://localhost:64833/devtoo..., se:cdpVersion: 144.0.7559.133, setWindowRect: true, strictFileInteractability: false, timeouts: {implicit: 0, pageLoad: 300000, script: 30000}, unhandledPromptBehavior: dismiss and notify, webauthn:extension:credBlob: true, webauthn:extension:largeBlob: true, webauthn:extension:minPinLength: true, webauthn:extension:prf: true, webauthn:virtualAuthenticators: true}
Session ID: 8b65d0778cf03dde90f560f724e10477">
      <![CDATA[org.openqa.selenium.NoSuchElementException: no such element: Unable to locate element: {"method":"xpath","selector":"//a[@title="View my customer account"]/span"}
  (Session info: chrome=144.0.7559.133)
For documentation on this error, please visit: https://www.selenium.dev/documentation/webdriver/troubleshooting/errors#nosuchelementexception
Build info: version: '4.40.0', revision: 'b3333f1'
System info: os.name: 'Mac OS X', os.arch: 'aarch64', os.version: '26.1', java.version: '21.0.9'
Driver info: org.openqa.selenium.chrome.ChromeDriver
Command: [8b65d0778cf03dde90f560f724e10477, findElement {using=xpath, value=//a[@title="View my customer account"]/span}]
Capabilities {acceptInsecureCerts: false, browserName: chrome, browserVersion: 144.0.7559.133, chrome: {chromedriverVersion: 144.0.7559.133 (7da823b1d59..., userDataDir: /var/folders/sd/lxgz92_921n...}, fedcm:accounts: true, goog:chromeOptions: {debuggerAddress: localhost:64833}, goog:processID: 41135, networkConnectionEnabled: false, pageLoadStrategy: normal, platformName: mac, proxy: Proxy(), se:cdp: ws://localhost:64833/devtoo..., se:cdpVersion: 144.0.7559.133, setWindowRect: true, strictFileInteractability: false, timeouts: {implicit: 0, pageLoad: 300000, script: 30000}, unhandledPromptBehavior: dismiss and notify, webauthn:extension:credBlob: true, webauthn:extension:largeBlob: true, webauthn:extension:minPinLength: true, webauthn:extension:prf: true, webauthn:virtualAuthenticators: true}
Session ID: 8b65d0778cf03dde90f560f724e10477
at org.openqa.selenium.remote.ErrorCodec.decode(ErrorCodec.java:169)
at org.openqa.selenium.remote.codec.w3c.W3CHttpResponseCodec.decode(W3CHttpResponseCodec.java:142)
at org.openqa.selenium.remote.codec.w3c.W3CHttpResponseCodec.decode(W3CHttpResponseCodec.java:49)
at org.openqa.selenium.remote.HttpCommandExecutor.execute(HttpCommandExecutor.java:223)
at org.openqa.selenium.remote.service.DriverCommandExecutor.invokeExecute(DriverCommandExecutor.java:216)
at org.openqa.selenium.remote.service.DriverCommandExecutor.execute(DriverCommandExecutor.java:174)
at org.openqa.selenium.remote.RemoteWebDriver.execute(RemoteWebDriver.java:601)
at org.openqa.selenium.remote.ElementLocation$ElementFinder$2.findElement(ElementLocation.java:166)
at org.openqa.selenium.remote.ElementLocation.findElement(ElementLocation.java:60)
at org.openqa.selenium.remote.RemoteWebDriver.findElement(RemoteWebDriver.java:424)
at org.openqa.selenium.remote.RemoteWebDriver.findElement(RemoteWebDriver.java:418)
at com.utility.BrowserUtility.getVisibleText(BrowserUtility.java:61)
at com.ui.pages.MyAccountPage.getUserName(MyAccountPage.java:18)
at com.ui.tests.LoginTest.loginCSVTest(LoginTest.java:42)
at java.base/java.util.ArrayList.forEach(ArrayList.java:1596)
... Removed 25 stack frames]]>
    </failure>
  </testcase> <!-- loginCSVTest -->
  <testcase classname="com.ui.tests.LoginTest" name="loginExcelTest" time="0.615">
    <failure type="org.openqa.selenium.NoSuchElementException" message="no such element: Unable to locate element: {&amp;quot;method&amp;quot;:&amp;quot;xpath&amp;quot;,&amp;quot;selector&amp;quot;:&amp;quot;//a[@title=&amp;quot;View my customer account&amp;quot;]/span&amp;quot;}
  (Session info: chrome=144.0.7559.133)
For documentation on this error, please visit: https://www.selenium.dev/documentation/webdriver/troubleshooting/errors#nosuchelementexception
Build info: version: &amp;apos;4.40.0&amp;apos;, revision: &amp;apos;b3333f1&amp;apos;
System info: os.name: &amp;apos;Mac OS X&amp;apos;, os.arch: &amp;apos;aarch64&amp;apos;, os.version: &amp;apos;26.1&amp;apos;, java.version: &amp;apos;21.0.9&amp;apos;
Driver info: org.openqa.selenium.chrome.ChromeDriver
Command: [1ed68d7836afa5646116bc5fb006670d, findElement {using=xpath, value=//a[@title=&amp;quot;View my customer account&amp;quot;]/span}]
Capabilities {acceptInsecureCerts: false, browserName: chrome, browserVersion: 144.0.7559.133, chrome: {chromedriverVersion: 144.0.7559.133 (7da823b1d59..., userDataDir: /var/folders/sd/lxgz92_921n...}, fedcm:accounts: true, goog:chromeOptions: {debuggerAddress: localhost:64867}, goog:processID: 41166, networkConnectionEnabled: false, pageLoadStrategy: normal, platformName: mac, proxy: Proxy(), se:cdp: ws://localhost:64867/devtoo..., se:cdpVersion: 144.0.7559.133, setWindowRect: true, strictFileInteractability: false, timeouts: {implicit: 0, pageLoad: 300000, script: 30000}, unhandledPromptBehavior: dismiss and notify, webauthn:extension:credBlob: true, webauthn:extension:largeBlob: true, webauthn:extension:minPinLength: true, webauthn:extension:prf: true, webauthn:virtualAuthenticators: true}
Session ID: 1ed68d7836afa5646116bc5fb006670d">
      <![CDATA[org.openqa.selenium.NoSuchElementException: no such element: Unable to locate element: {"method":"xpath","selector":"//a[@title="View my customer account"]/span"}
  (Session info: chrome=144.0.7559.133)
For documentation on this error, please visit: https://www.selenium.dev/documentation/webdriver/troubleshooting/errors#nosuchelementexception
Build info: version: '4.40.0', revision: 'b3333f1'
System info: os.name: 'Mac OS X', os.arch: 'aarch64', os.version: '26.1', java.version: '21.0.9'
Driver info: org.openqa.selenium.chrome.ChromeDriver
Command: [1ed68d7836afa5646116bc5fb006670d, findElement {using=xpath, value=//a[@title="View my customer account"]/span}]
Capabilities {acceptInsecureCerts: false, browserName: chrome, browserVersion: 144.0.7559.133, chrome: {chromedriverVersion: 144.0.7559.133 (7da823b1d59..., userDataDir: /var/folders/sd/lxgz92_921n...}, fedcm:accounts: true, goog:chromeOptions: {debuggerAddress: localhost:64867}, goog:processID: 41166, networkConnectionEnabled: false, pageLoadStrategy: normal, platformName: mac, proxy: Proxy(), se:cdp: ws://localhost:64867/devtoo..., se:cdpVersion: 144.0.7559.133, setWindowRect: true, strictFileInteractability: false, timeouts: {implicit: 0, pageLoad: 300000, script: 30000}, unhandledPromptBehavior: dismiss and notify, webauthn:extension:credBlob: true, webauthn:extension:largeBlob: true, webauthn:extension:minPinLength: true, webauthn:extension:prf: true, webauthn:virtualAuthenticators: true}
Session ID: 1ed68d7836afa5646116bc5fb006670d
at org.openqa.selenium.remote.ErrorCodec.decode(ErrorCodec.java:169)
at org.openqa.selenium.remote.codec.w3c.W3CHttpResponseCodec.decode(W3CHttpResponseCodec.java:142)
at org.openqa.selenium.remote.codec.w3c.W3CHttpResponseCodec.decode(W3CHttpResponseCodec.java:49)
at org.openqa.selenium.remote.HttpCommandExecutor.execute(HttpCommandExecutor.java:223)
at org.openqa.selenium.remote.service.DriverCommandExecutor.invokeExecute(DriverCommandExecutor.java:216)
at org.openqa.selenium.remote.service.DriverCommandExecutor.execute(DriverCommandExecutor.java:174)
at org.openqa.selenium.remote.RemoteWebDriver.execute(RemoteWebDriver.java:601)
at org.openqa.selenium.remote.ElementLocation$ElementFinder$2.findElement(ElementLocation.java:166)
at org.openqa.selenium.remote.ElementLocation.findElement(ElementLocation.java:60)
at org.openqa.selenium.remote.RemoteWebDriver.findElement(RemoteWebDriver.java:424)
at org.openqa.selenium.remote.RemoteWebDriver.findElement(RemoteWebDriver.java:418)
at com.utility.BrowserUtility.getVisibleText(BrowserUtility.java:61)
at com.ui.pages.MyAccountPage.getUserName(MyAccountPage.java:18)
at com.ui.tests.LoginTest.loginExcelTest(LoginTest.java:53)
at java.base/java.util.ArrayList.forEach(ArrayList.java:1596)
... Removed 25 stack frames]]>
    </failure>
  </testcase> <!-- loginExcelTest -->
  <testcase classname="com.ui.tests.LoginTest" name="loginTest" time="0.0">
    <failure type="org.testng.TestNGException" message="
Method public void com.ui.tests.LoginTest.loginTest(com.ui.pojo.User) requires a @DataProvider named : LoginDataProvider in class com.ui.dataproviders.LoginDataProvider">
      <![CDATA[org.testng.TestNGException: 
Method public void com.ui.tests.LoginTest.loginTest(com.ui.pojo.User) requires a @DataProvider named : LoginDataProvider in class com.ui.dataproviders.LoginDataProvider
at java.base/java.util.ArrayList.forEach(ArrayList.java:1596)
... Removed 24 stack frames]]>
    </failure>
  </testcase> <!-- loginTest -->
</testsuite> <!-- UI Automation Test -->
