<?xml version="1.0" encoding="UTF-8"?>
<testng-results ignored="0" total="1" passed="1" failed="0" skipped="0">
  <reporter-output>
  </reporter-output>
  <suite started-at="2026-02-23T18:11:06 IST" name="Default suite" finished-at="2026-02-23T18:11:08 IST" duration-ms="2569">
    <groups>
      <group name="smoke">
        <method signature="InvalidLoginTest.loginTest()[pri:0, instance:com.pramod.automation.tests.InvalidLoginTest@338c99c8]" name="loginTest" class="com.pramod.automation.tests.InvalidLoginTest"/>
      </group> <!-- smoke -->
      <group name="sanity">
        <method signature="InvalidLoginTest.loginTest()[pri:0, instance:com.pramod.automation.tests.InvalidLoginTest@338c99c8]" name="loginTest" class="com.pramod.automation.tests.InvalidLoginTest"/>
      </group> <!-- sanity -->
      <group name="e2e">
        <method signature="InvalidLoginTest.loginTest()[pri:0, instance:com.pramod.automation.tests.InvalidLoginTest@338c99c8]" name="loginTest" class="com.pramod.automation.tests.InvalidLoginTest"/>
      </group> <!-- e2e -->
    </groups>
    <test started-at="2026-02-23T18:11:06 IST" name="Default test" finished-at="2026-02-23T18:11:08 IST" duration-ms="2569">
      <class name="com.pramod.automation.tests.InvalidLoginTest">
        <test-method is-config="true" signature="setup(java.lang.String,java.lang.Boolean,java.lang.Boolean,org.testng.ITestResult)[pri:0, instance:com.pramod.automation.tests.InvalidLoginTest@338c99c8]" started-at="2026-02-23T18:11:06 IST" name="setup" description="Load the Homepage of the website" finished-at="2026-02-23T18:11:08 IST" duration-ms="1955" status="PASS">
          <params>
            <param index="0">
              <value>
                <![CDATA[chrome]]>
              </value>
            </param>
            <param index="1">
              <value>
                <![CDATA[false]]>
              </value>
            </param>
            <param index="2">
              <value>
                <![CDATA[true]]>
              </value>
            </param>
            <param index="3">
              <value>
                <![CDATA[[TestResult name={null} status=CREATED method=InvalidLoginTest.loginTest()[pri:0, instance:com.pramod.automation.tests.InvalidLoginTest@338c99c8] output={null}]]]>
              </value>
            </param>
          </params>
          <reporter-output>
          </reporter-output>
        </test-method> <!-- setup -->
        <test-method signature="loginTest()[pri:0, instance:com.pramod.automation.tests.InvalidLoginTest@338c99c8]" started-at="2026-02-23T18:11:08 IST" name="loginTest" description="Verifies if the error message is shown for the user for invalid credentials!" finished-at="2026-02-23T18:11:08 IST" duration-ms="423" status="PASS">
          <reporter-output>
          </reporter-output>
        </test-method> <!-- loginTest -->
        <test-method is-config="true" signature="tearDown()[pri:0, instance:com.pramod.automation.tests.InvalidLoginTest@338c99c8]" started-at="2026-02-23T18:11:08 IST" name="tearDown" description="Tear Down the browser" finished-at="2026-02-23T18:11:08 IST" duration-ms="97" status="PASS">
          <reporter-output>
          </reporter-output>
        </test-method> <!-- tearDown -->
      </class> <!-- com.pramod.automation.tests.InvalidLoginTest -->
    </test> <!-- Default test -->
  </suite> <!-- Default suite -->
</testng-results>
